C51 COMPILER V8.09   DISDATA                                                               04/18/2011 10:00:39 PAGE 1   


C51 COMPILER V8.09, COMPILATION OF MODULE DISDATA
OBJECT MODULE PLACED IN DisData.OBJ
COMPILER INVOKED BY: C:\Keil3\C51\BIN\C51.EXE DisData.C BROWSE DEBUG OBJECTEXTEND

line level    source

   1          /*      This is a HEADFILE of the MOBILEPHONE SALER controller programs
   2                          design by: Dengxianhu
   3                            Version: E0.2
   4                               Date: 2003.08
   5                            company: Forentek                                                                                                             */              
   6          // Includes
   7          
   8          /********************************/
   9          /*  定义中文字库                        */
  10          /********************************/
  11          
  12          //=============================================================================//
  13          //以下为华文彩云12号粗体字
  14                          
  15          /****************************************/
  16          /* 定义ASCII字库8列*16行                                */
  17          /****************************************/
  18          
  19          unsigned char code Ezk[]={
  20          /*-文字: --0x20 */
  21                   0x00,0x00,0x00,0x00,0x00,0x00,0x00,0x00,
  22                   0x00,0x00,0x00,0x00,0x00,0x00,0x00,0x00,
  23          /*-文字:!--0x21 */
  24                   0x00,0x00,0x00,0xF8,0x00,0x00,0x00,0x00,
  25                   0x00,0x00,0x00,0x27,0x00,0x00,0x00,0x00,
  26          /*-文字:"--0x22 */
  27                   0x00,0x08,0x04,0x02,0x08,0x04,0x02,0x00,
  28                   0x00,0x00,0x00,0x00,0x00,0x00,0x00,0x00,
  29          /*-文字:#--0x23 */
  30                   0x40,0x40,0xF8,0x40,0x40,0xF8,0x40,0x00,
  31                   0x04,0x3F,0x04,0x04,0x3F,0x04,0x04,0x00,
  32          /*-文字:$--0x24 */
  33                   0x00,0x70,0x88,0xFC,0x08,0x08,0x30,0x00,
  34                   0x00,0x1C,0x20,0xFF,0x21,0x22,0x1C,0x00,
  35          /*-文字:%--0x25 */
  36                   0xF0,0x08,0xF0,0x80,0x70,0x08,0x00,0x00,
  37                   0x00,0x31,0x0E,0x01,0x1E,0x21,0x1E,0x00,
  38          /*-文字:&--0x26 */
  39                   0x00,0xF0,0x08,0x88,0x70,0x00,0x00,0x00,
  40                   0x1E,0x21,0x23,0x24,0x18,0x16,0x20,0x00,
  41          /*-文字:'--0x27 */
  42                   0x20,0x18,0x00,0x00,0x00,0x00,0x00,0x00,
  43                   0x00,0x00,0x00,0x00,0x00,0x00,0x00,0x00,
  44          /*-文字:(--0x28 */
  45                   0x00,0x00,0x00,0x00,0xC0,0x30,0x08,0x04,
  46                   0x00,0x00,0x00,0x00,0x03,0x0C,0x10,0x20,
  47          /*-文字:)--0x29 */
  48                   0x04,0x08,0x30,0xC0,0x00,0x00,0x00,0x00,
  49                   0x20,0x10,0x0C,0x03,0x00,0x00,0x00,0x00,
  50          /*-文字:*--0x2a */
  51                   0x40,0x40,0x80,0xF0,0x80,0x40,0x40,0x00,
  52                   0x02,0x02,0x01,0x0F,0x01,0x02,0x02,0x00,
  53          /*-文字:+--0x2b */
  54                   0x00,0x00,0x00,0xE0,0x00,0x00,0x00,0x00,
  55                   0x01,0x01,0x01,0x0F,0x01,0x01,0x01,0x00,
C51 COMPILER V8.09   DISDATA                                                               04/18/2011 10:00:39 PAGE 2   

  56          /*-文字:,--0x2c */
  57                   0x00,0x00,0x00,0x00,0x00,0x00,0x00,0x00,
  58                   0x80,0x60,0x00,0x00,0x00,0x00,0x00,0x00,
  59          /*-文字:---0x2d */
  60                   0x00,0x00,0x00,0x00,0x00,0x00,0x00,0x00,
  61                   0x01,0x01,0x01,0x01,0x01,0x01,0x01,0x00,
  62          /*-文字:.--0x2e */
  63                  0x00,0x00,0x00,0x00,0x00,0x00,0x00,0x00,
  64                   0x00,0x00,0x00,0x30,0x30,0x30,0x00,0x00,
  65          /*-文字:/--ox2f */
  66                   0x00,0x00,0x00,0x00,0x00,0xE0,0x18,0x04,
  67                   0x00,0x40,0x30,0x0C,0x03,0x00,0x00,0x00,
  68          /*-文字:0--0x30 */
  69                  0x00,0xE0,0xF0,0x18,0x08,0x18,0xF0,0xE0,
  70                  0x00,0x0F,0x1F,0x30,0x20,0x30,0x1F,0x0F,
  71          /*-文字:1--0x31 */
  72                   0x00,0x10,0x10,0xF8,0xF8,0x00,0x00,0x00,       
  73                   0x00,0x20,0x20,0x3F,0x3F,0x20,0x20,0x00,
  74          /*-文字:2--0x32 */
  75               0x00,0x70,0x78,0x08,0x08,0x88,0xF8,0x70,
  76                   0x00,0x30,0x38,0x2C,0x26,0x23,0x31,0x30,
  77          /*-文字:3--0x33 */
  78                   0x00,0x30,0x38,0x88,0x88,0xC8,0x78,0x30,
  79                  0x00,0x18,0x38,0x20,0x20,0x31,0x1F,0x0E,
  80          /*-文字:4--0x34 */
  81                   0x00,0x00,0xC0,0xE0,0x30,0xF8,0xF8,0x00,
  82                   0x00,0x07,0x07,0x24,0x24,0x3F,0x3F,0x24,
  83          /*-文字:5--0x35 */
  84                  0x00,0xF8,0xF8,0x88,0x88,0x88,0x08,0x08,
  85                  0x00,0x19,0x39,0x21,0x20,0x31,0x1F,0x0E,
  86          /*-文字:6--0x36 */
  87                   0x00,0xE0,0xF0,0x98,0x88,0x98,0x18,0x00,
  88                   0x00,0x0F,0x1F,0x31,0x20,0x31,0x1F,0x0E,
  89          /*-文字:7--0x37 */
  90                  0x00,0x38,0x38,0x08,0xC8,0xF8,0x38,0x08,         
  91                  0x00,0x00,0x00,0x3F,0x3F,0x00,0x00,0x00,
  92          /*-文字:8--0x38 */
  93                  0x00,0x70,0xF8,0x88,0x08,0x88,0xF8,0x70,        
  94                  0x00,0x1C,0x3E,0x23,0x21,0x23,0x3E,0x1C,
  95          /*-文字:9--0x39 */
  96                  0x00,0xE0,0xF0,0x18,0x08,0x18,0xF0,0xE0,
  97                  0x00,0x00,0x31,0x33,0x22,0x33,0x1F,0x0F,
  98          /*-文字::--     */
  99                  0x00,0x00,0x00,0x60,0x60,0x60,0x00,0x00,
 100                  0x00,0x00,0x00,0x0C,0x0C,0x0C,0x00,0x00,
 101          /*-文字:/--     */
 102                   0x00,0x00,0x00,0x80,0x00,0x00,0x00,0x00,
 103                   0x00,0x00,0x80,0x60,0x00,0x00,0x00,0x00,
 104          /*-文字:<--     */
 105                   0x00,0x00,0x80,0x40,0x20,0x10,0x08,0x00,
 106                   0x00,0x01,0x02,0x04,0x08,0x10,0x20,0x00,
 107          /*-文字:=--     */
 108                   0x40,0x40,0x40,0x40,0x40,0x40,0x40,0x00,
 109                   0x04,0x04,0x04,0x04,0x04,0x04,0x04,0x00,
 110          /*-文字:>--     */
 111                   0x00,0x08,0x10,0x20,0x40,0x80,0x00,0x00,
 112                   0x00,0x20,0x10,0x08,0x04,0x02,0x01,0x00,
 113          /*-文字:?--     */
 114                  /*--  文字:  ?  --*/
 115          /*--  宋体12;  此字体下对应的点阵为：宽x高=8x16   --*/
 116                  0xFF,0x8F,0xB7,0xF7,0xF7,0xF7,0x0F,0xFF,
 117                  0xFF,0xFF,0xFF,0xCF,0xC9,0xFE,0xFF,0xFF, 
C51 COMPILER V8.09   DISDATA                                                               04/18/2011 10:00:39 PAGE 3   

 118          /*-文字:@--     */
 119                   0xC0,0x30,0xC8,0x28,0xE8,0x10,0xE0,0x00,
 120                   0x07,0x18,0x27,0x28,0x27,0x28,0x07,0x00,
 121          /*-文字:A--     */
 122                   0x00,0x00,0xc0,0x30,0xc0,0x00,0x00,0x00,       //my
 123                   0x20,0x3c,0x27,0x04,0x27,0x3c,0x20,0x00,
 124          /*-文字:B--     */
 125             0x08,0xF8,0xF8,0x88,0x88,0xF8,0x70,0x00,
 126             0x20,0x3F,0x3F,0x20,0x20,0x31,0x1F,0x0E,
 127          /*-文字:C--     */
 128                  0xE0,0xF8,0x1C,0x04,0x04,0x0C,0x18,0x10,
 129                  0x03,0x0F,0x1C,0x10,0x10,0x10,0x1C,0x1C,
 130          /*-文字:D--     */
 131              0x10,0xf0,0x10,0x10,0x10,0x20,0xc0,0x00,    //my
 132                  0x20,0x3f,0x20,0x20,0x20,0x10,0x0f,0x00,
 133          /*-文字:E--     */
 134                  0x10,0xF0,0x10,0x10,0xd0,0x10,0x20,0x00,        //my
 135                  0x20,0x3f,0x21,0x21,0x27,0x20,0x10,0x00,
 136          /*-文字:F--     */
 137                  0xF8,0x08,0x08,0x08,0x08,0x08,0x08,0x00,
 138                   0x3F,0x01,0x01,0x01,0x01,0x01,0x00,0x00,
 139          /*-文字:G--     */
 140                   0xE0,0x10,0x08,0x08,0x08,0x10,0x60,0x00,
 141                   0x0F,0x10,0x20,0x20,0x21,0x11,0x3F,0x00,
 142          /*-文字:H--     */
 143                   0x08,0xF8,0xF8,0x08,0x00,0x08,0xF8,0xF8,
 144                   0x20,0x3F,0x3F,0x21,0x01,0x21,0x3F,0x3F,
 145          /*-文字:I--     */
 146                   0x00,0x08,0x08,0xF8,0xF8,0x08,0x08,0x00,
 147                  0x00,0x20,0x20,0x3F,0x3F,0x20,0x20,0x00,
 148          /*-文字:J--     */
 149                   0x00,0x00,0x00,0x00,0x00,0x00,0xF8,0x00,
 150                   0x00,0x1C,0x20,0x20,0x20,0x20,0x1F,0x00,
 151          /*-文字:K--     */
 152                   0x00,0xF8,0x00,0x80,0x40,0x20,0x10,0x08,
 153                   0x00,0x3F,0x01,0x00,0x03,0x04,0x18,0x20,
 154          /*-文字:L--     */
 155                   0x10,0xF0,0x10,0x10,0x00,0x00,0x00,0x00,
 156                   0x20,0x3F,0x20,0x20,0x20,0x20,0x30,0x00,       //my
 157          /*-文字:M--     */
 158                  0xF8,0xF8,0xF8,0x00,0xF8,0xF8,0xF8,0x08,
 159                  0x3F,0x3F,0x00,0x3F,0x00,0x3F,0x3F,0x20,
 160                   
 161          /*-文字:N--     */
 162                   0x10,0xf0,0x70,0x80,0x00,0xf0,0x10,0x00,       //my
 163                   0x20,0x3f,0x20,0x03,0x1c,0x3f,0x00,0x00,
 164          /*-文字:O--     */
 165                  0xE0,0xF0,0x18,0x08,0x08,0x18,0xF0,0xE0,
 166                  0x0F,0x1F,0x30,0x20,0x20,0x30,0x1F,0x0F,
 167          /*-文字:P--     */
 168                   0xF8,0x08,0x08,0x08,0x08,0x10,0xE0,0x00,
 169                   0x3F,0x02,0x02,0x02,0x02,0x01,0x00,0x00,
 170          /*-文字:Q--     */
 171                   0x00,0xE0,0x10,0x08,0x08,0x10,0xE0,0x00,
 172                   0x00,0x0F,0x10,0x20,0x2C,0x10,0x2F,0x00,
 173          /*-文字:R--     */
 174                   0xF8,0x08,0x08,0x08,0x08,0x90,0x60,0x00,
 175                   0x3F,0x01,0x01,0x01,0x07,0x18,0x20,0x00,
 176          /*-文字:S--     */
 177                   0x00,0xe0,0x10,0x10,0x10,0x10,0x70,0x00,       //my
 178                   0x00,0x38,0x21,0x21,0x22,0x22,0x1c,0x00,
 179          /*-文字:T--     */
C51 COMPILER V8.09   DISDATA                                                               04/18/2011 10:00:39 PAGE 4   

 180                   0x08,0x08,0x08,0xF8,0x08,0x08,0x08,0x00,
 181                   0x00,0x00,0x00,0x3F,0x00,0x00,0x00,0x00,
 182          /*-文字:U--     */
 183                   0x10,0xf0,0x10,0x00,0x10,0xf0,0x10,0x00,       //my
 184                   0x00,0x1f,0x20,0x20,0x20,0x1f,0x00,0x00,
 185          /*-文字:V--     */
 186                   0x10,0xF0,0x10,0x00,0x10,0xF0,0x10,0x00,       //my
 187                   0x00,0x00,0x0F,0x30,0x0F,0x00,0x00,0x00,
 188          /*-文字:W--     */
 189                   0xF8,0x00,0xC0,0x38,0xC0,0x00,0xF8,0x00,
 190                   0x03,0x3C,0x03,0x00,0x03,0x3C,0x03,0x00,
 191          /*-文字:X--     */
 192                   0x08,0x30,0xC0,0x00,0xC0,0x30,0x08,0x00,
 193                   0x20,0x18,0x06,0x01,0x06,0x18,0x20,0x00,
 194          /*-文字:Y--     */
 195                   0x08,0x30,0xC0,0x00,0xC0,0x30,0x08,0x00,
 196                   0x00,0x00,0x00,0x3F,0x00,0x00,0x00,0x00,
 197          /*-文字:Z--     */
 198                   0x08,0x08,0x08,0x08,0xC8,0x28,0x18,0x00,
 199                   0x30,0x2C,0x22,0x21,0x20,0x20,0x20,0x00,
 200          /*-文字:{--     */
 201                   0x00,0x00,0x00,0x80,0x7E,0x02,0x00,0x00,
 202                   0x00,0x00,0x00,0x00,0x3F,0x20,0x00,0x00,
 203          /*-文字:\--     */
 204                   0x00,0x08,0x70,0x80,0x00,0x00,0x00,0x00,
 205                   0x00,0x00,0x00,0x01,0x0E,0x30,0xC0,0x00,
 206          /*-文字:}--     */
 207                   0x00,0x02,0x7E,0x80,0x00,0x00,0x00,0x00,
 208                   0x00,0x20,0x3F,0x00,0x00,0x00,0x00,0x00,
 209          /*-文字:^--     */
 210                   0x00,0x08,0x04,0x02,0x02,0x04,0x08,0x00,
 211                   0x00,0x00,0x00,0x00,0x00,0x00,0x00,0x00,
 212          /*-文字:_--     */
 213                   0x00,0x00,0x00,0x00,0x00,0x00,0x00,0x00,
 214                   0x80,0x80,0x80,0x80,0x80,0x80,0x80,0x80,
 215          /*-文字:`--     */
 216                   0x00,0x00,0x02,0x06,0x04,0x08,0x00,0x00,
 217                   0x00,0x00,0x00,0x00,0x00,0x00,0x00,0x00,
 218          /*-文字:a--     */
 219                   0x00,0x00,0x80,0x80,0x80,0x80,0x00,0x00,
 220                   0x00,0x19,0x24,0x24,0x24,0x14,0x3F,0x00,
 221          /*-文字:b--     */
 222                   0x00,0xF8,0x00,0x80,0x80,0x80,0x00,0x00,
 223                   0x00,0x3F,0x11,0x20,0x20,0x20,0x1F,0x00,
 224          /*-文字:c--     */
 225                   0x00,0x00,0x80,0x80,0x80,0x80,0x00,0x00,
 226                   0x0E,0x11,0x20,0x20,0x20,0x20,0x11,0x00,
 227          /*-文字:d--     */
 228                   0x00,0x00,0x80,0x80,0x80,0x00,0xF8,0x00,
 229                   0x00,0x1F,0x20,0x20,0x20,0x11,0x3F,0x00,
 230          /*-文字:e--     */
 231                   0x00,0x00,0x80,0x80,0x80,0x80,0x00,0x00,       //my
 232                   0x00,0x1F,0x22,0x22,0x22,0x22,0x13,0x00,
 233          /*-文字:f--     */
 234                   0x00,0x80,0x80,0xF0,0x88,0x88,0x88,0x00,
 235                   0x00,0x00,0x00,0x3F,0x00,0x00,0x00,0x00,
 236          /*-文字:g--     */
 237                   0x00,0x00,0x80,0x80,0x80,0x80,0x80,0x00,
 238                   0x40,0xB7,0xA8,0xA8,0xA8,0xA7,0x40,0x00,
 239          /*-文字:h--     */
 240                   0x00,0xF8,0x00,0x80,0x80,0x80,0x00,0x00,
 241                   0x00,0x3F,0x01,0x00,0x00,0x00,0x3F,0x00,
C51 COMPILER V8.09   DISDATA                                                               04/18/2011 10:00:39 PAGE 5   

 242          /*-文字:i--     */
 243                   0x00,0x00,0x00,0x98,0x00,0x00,0x00,0x00,
 244                   0x00,0x00,0x00,0x3F,0x00,0x00,0x00,0x00,
 245          /*-文字:j--     */
 246                   0x00,0x00,0x00,0x00,0x98,0x00,0x00,0x00,
 247                   0x00,0x80,0x80,0x80,0x7F,0x00,0x00,0x00,
 248          /*-文字:k--     */
 249                   0x00,0xF8,0x00,0x00,0x00,0x80,0x00,0x00,
 250                   0x00,0x3F,0x04,0x02,0x0D,0x10,0x20,0x00,
 251          /*-文字:l--     */
 252                   0x00,0x00,0x00,0xF8,0x00,0x00,0x00,0x00,
 253                   0x00,0x00,0x00,0x3F,0x00,0x00,0x00,0x00,
 254          /*-文字:m--     */
 255                   0x80,0x80,0x80,0x80,0x80,0x80,0x00,0x00,
 256                   0x3F,0x00,0x00,0x3F,0x00,0x00,0x3F,0x00,
 257          /*-文字:n--     */
 258                   0x00,0x80,0x00,0x80,0x80,0x80,0x00,0x00,
 259                   0x00,0x3F,0x01,0x00,0x00,0x00,0x3F,0x00,
 260          /*-文字:o--     */
 261                   0x00,0x00,0x80,0x80,0x80,0x00,0x00,0x00,
 262                   0x0E,0x11,0x20,0x20,0x20,0x11,0x0E,0x00,
 263          /*-文字:p--     */
 264                   0x00,0x80,0x00,0x80,0x80,0x80,0x00,0x00,
 265                   0x00,0xFF,0x11,0x20,0x20,0x20,0x1F,0x00,
 266          /*-文字:q--     */
 267                   0x00,0x00,0x80,0x80,0x80,0x00,0x80,0x00,
 268                   0x00,0x1F,0x20,0x20,0x20,0x11,0xFF,0x00,
 269          /*-文字:r--     */
 270                   0x80,0x80,0x80,0x00,0x80,0x80,0x80,0x00,       //my
 271                   0x20,0x20,0x3f,0x21,0x20,0x00,0x01,0x00,
 272          /*-文字:s--     */
 273                   0x00,0x00,0x80,0x80,0x80,0x80,0x00,0x00,
 274                   0x00,0x13,0x24,0x24,0x24,0x24,0x19,0x00,
 275          /*-文字:t--     */
 276                   0x00,0x80,0x80,0xE0,0x80,0x80,0x80,0x00,
 277                   0x00,0x00,0x00,0x1F,0x20,0x20,0x20,0x00,
 278          /*-文字:u--     */
 279                   0x00,0x80,0x00,0x00,0x00,0x00,0x80,0x00,
 280                   0x00,0x1F,0x20,0x20,0x20,0x10,0x3F,0x00,
 281          /*-文字:v--     */
 282                   0x80,0x00,0x00,0x00,0x00,0x00,0x80,0x00,
 283                   0x00,0x07,0x18,0x20,0x18,0x07,0x00,0x00,
 284          /*-文字:w--     */
 285                   0x80,0x00,0x00,0x80,0x00,0x00,0x80,0x00,
 286                   0x0F,0x30,0x0E,0x01,0x0E,0x30,0x0F,0x00,
 287          /*-文字:x--     */
 288                   0x80,0x00,0x00,0x00,0x00,0x00,0x80,0x00,
 289                   0x20,0x11,0x0A,0x04,0x0A,0x11,0x20,0x00,
 290          /*-文字:y--     */
 291                   0x80,0x00,0x00,0x00,0x00,0x00,0x80,0x00,
 292                   0x00,0x87,0x98,0x60,0x18,0x07,0x00,0x00,
 293          /*-文字:z--     */
 294                   0x00,0x80,0x80,0x80,0x80,0x80,0x80,0x00,
 295                   0x00,0x30,0x28,0x24,0x22,0x21,0x20,0x00,
 296          /*-文字:{--     */
 297                   0x00,0x00,0x00,0x80,0x7E,0x02,0x00,0x00,
 298                   0x00,0x00,0x00,0x00,0x3F,0x20,0x00,0x00,
 299          /*-文字:|--     */
 300                   0x00,0x00,0x00,0xFF,0x00,0x00,0x00,0x00,
 301                   0x00,0x00,0x00,0xFF,0x00,0x00,0x00,0x00,
 302          /*-文字:}--     */
 303                   0x00,0x02,0x7E,0x80,0x00,0x00,0x00,0x00,
C51 COMPILER V8.09   DISDATA                                                               04/18/2011 10:00:39 PAGE 6   

 304                   0x00,0x20,0x3F,0x00,0x00,0x00,0x00,0x00,
 305          /*-文字:~--     */
 306                   0x00,0x06,0x01,0x01,0x06,0x04,0x03,0x00,
 307                   0x00,0x00,0x00,0x00,0x00,0x00,0x00,0x00,
 308          };


MODULE INFORMATION:   STATIC OVERLAYABLE
   CODE SIZE        =   ----    ----
   CONSTANT SIZE    =   1520    ----
   XDATA SIZE       =   ----    ----
   PDATA SIZE       =   ----    ----
   DATA SIZE        =   ----    ----
   IDATA SIZE       =   ----    ----
   BIT SIZE         =   ----    ----
END OF MODULE INFORMATION.


C51 COMPILATION COMPLETE.  0 WARNING(S),  0 ERROR(S)
